[09-Oct-2024 16:33:32 UTC] Xdebug: [Step Debug] Could not connect to debugging client. Tried: localhost:9003 (through xdebug.client_host/xdebug.client_port).
[09-Oct-2024 16:33:32 UTC] An uncaught exception occurred:
Code: 1045 in file /Users/kencowles/src/budget/database/global_boot.php at line 56
SQLSTATE[HY000] [1045] Access denied for user 'nmhikesc_budDb'@'localhost' (using password: YES)
TRACE: #0 /Users/kencowles/src/budget/accounts/lockStatus.php(12): require()
#1 {main}
[09-Oct-2024 16:33:32 UTC] #0 /Users/kencowles/src/budget/database/errFunctions.php(171): budgetizerErrors(2, 'include(accounts/gmail.php): Failed to open stream: No such file or directory', '/Users/kencowles/src/budget/database/errFunctions.php', 171)
#1 /Users/kencowles/src/budget/database/errFunctions.php(171): include()
#2 /Users/kencowles/src/budget/database/errFunctions.php(105): errorEmail('An uncaught exception occurred:
Code: 1045 in file /Users/kencowles/src/budget/database/global_boot.php at line 56
SQLSTATE[HY000] [1045] Access denied for user 'nmhikesc_budDb'@'localhost' (using password: YES)
TRACE: #0 /Users/kencowles/src/budget/accounts/lockStatus.php(12): require()
#1 {main}')
#3 [internal function](): budgetizerExceptions(Exception)

[09-Oct-2024 16:33:32 UTC] PHP Warning:  include(accounts/gmail.php): Failed to open stream: No such file or directory in /Users/kencowles/src/budget/database/errFunctions.php on line 171
[09-Oct-2024 16:33:32 UTC] PHP Warning:  include(): Failed opening 'accounts/gmail.php' for inclusion (include_path='.:/Applications/MAMP/bin/php/php8.2.20/lib/php') in /Users/kencowles/src/budget/database/errFunctions.php on line 171
[09-Oct-2024 10:33:32 America/Denver] PHP Warning:  Undefined variable $mail in /Users/kencowles/src/budget/database/errFunctions.php on line 178
[09-Oct-2024 10:33:32 America/Denver] PHP Fatal error:  Uncaught Error: Call to a member function isHTML() on null in /Users/kencowles/src/budget/database/errFunctions.php:178
Stack trace:
#0 /Users/kencowles/src/budget/database/errFunctions.php(83): errorEmail('#0 /Users/kenco...')
#1 /Users/kencowles/src/budget/database/errFunctions.php(171): budgetizerErrors(2, 'include(account...', '/Users/kencowle...', 171)
#2 /Users/kencowles/src/budget/database/errFunctions.php(171): include('/Users/kencowle...')
#3 /Users/kencowles/src/budget/database/errFunctions.php(105): errorEmail('An uncaught exc...')
#4 [internal function]: budgetizerExceptions(Object(Exception))
#5 {main}
  thrown in /Users/kencowles/src/budget/database/errFunctions.php on line 178
[09-Oct-2024 16:34:10 UTC] Xdebug: [Step Debug] Could not connect to debugging client. Tried: localhost:9003 (through xdebug.client_host/xdebug.client_port).
[09-Oct-2024 16:34:10 UTC] An uncaught exception occurred:
Code: 1045 in file /Users/kencowles/src/budget/database/global_boot.php at line 56
SQLSTATE[HY000] [1045] Access denied for user 'nmhikesc_budDb'@'localhost' (using password: YES)
TRACE: #0 /Users/kencowles/src/budget/accounts/lockStatus.php(12): require()
#1 {main}
[09-Oct-2024 16:34:10 UTC] #0 /Users/kencowles/src/budget/database/errFunctions.php(171): budgetizerErrors(2, 'include(accounts/gmail.php): Failed to open stream: No such file or directory', '/Users/kencowles/src/budget/database/errFunctions.php', 171)
#1 /Users/kencowles/src/budget/database/errFunctions.php(171): include()
#2 /Users/kencowles/src/budget/database/errFunctions.php(105): errorEmail('An uncaught exception occurred:
Code: 1045 in file /Users/kencowles/src/budget/database/global_boot.php at line 56
SQLSTATE[HY000] [1045] Access denied for user 'nmhikesc_budDb'@'localhost' (using password: YES)
TRACE: #0 /Users/kencowles/src/budget/accounts/lockStatus.php(12): require()
#1 {main}')
#3 [internal function](): budgetizerExceptions(Exception)

[09-Oct-2024 16:34:10 UTC] PHP Warning:  include(accounts/gmail.php): Failed to open stream: No such file or directory in /Users/kencowles/src/budget/database/errFunctions.php on line 171
[09-Oct-2024 16:34:10 UTC] PHP Warning:  include(): Failed opening 'accounts/gmail.php' for inclusion (include_path='.:/Applications/MAMP/bin/php/php8.2.20/lib/php') in /Users/kencowles/src/budget/database/errFunctions.php on line 171
[09-Oct-2024 10:34:10 America/Denver] PHP Warning:  Undefined variable $mail in /Users/kencowles/src/budget/database/errFunctions.php on line 178
[09-Oct-2024 10:34:10 America/Denver] PHP Fatal error:  Uncaught Error: Call to a member function isHTML() on null in /Users/kencowles/src/budget/database/errFunctions.php:178
Stack trace:
#0 /Users/kencowles/src/budget/database/errFunctions.php(83): errorEmail('#0 /Users/kenco...')
#1 /Users/kencowles/src/budget/database/errFunctions.php(171): budgetizerErrors(2, 'include(account...', '/Users/kencowle...', 171)
#2 /Users/kencowles/src/budget/database/errFunctions.php(171): include('/Users/kencowle...')
#3 /Users/kencowles/src/budget/database/errFunctions.php(105): errorEmail('An uncaught exc...')
#4 [internal function]: budgetizerExceptions(Object(Exception))
#5 {main}
  thrown in /Users/kencowles/src/budget/database/errFunctions.php on line 178
[09-Oct-2024 16:46:23 UTC] #0 /Users/kencowles/src/budget/accounts/lockStatus.php(20): budgetizerErrors(2, 'Undefined variable $pdo', '/Users/kencowles/src/budget/accounts/lockStatus.php', 20)

[09-Oct-2024 16:46:23 UTC] PHP Warning:  include(accounts/gmail.php): Failed to open stream: No such file or directory in /Users/kencowles/src/budget/database/errFunctions.php on line 171
[09-Oct-2024 16:46:23 UTC] PHP Warning:  include(): Failed opening 'accounts/gmail.php' for inclusion (include_path='.:/Applications/MAMP/bin/php/php8.2.20/lib/php') in /Users/kencowles/src/budget/database/errFunctions.php on line 171
[09-Oct-2024 10:46:23 America/Denver] PHP Warning:  Undefined variable $mail in /Users/kencowles/src/budget/database/errFunctions.php on line 178
[09-Oct-2024 10:46:23 America/Denver] Xdebug: [Step Debug] Could not connect to debugging client. Tried: localhost:9003 (through xdebug.client_host/xdebug.client_port).
[09-Oct-2024 10:46:23 America/Denver] An uncaught exception occurred:
Code: 0 in file /Users/kencowles/src/budget/database/errFunctions.php at line 178
Call to a member function isHTML() on null
TRACE: #0 /Users/kencowles/src/budget/database/errFunctions.php(83): errorEmail('#0 /Users/kenco...')
#1 /Users/kencowles/src/budget/accounts/lockStatus.php(20): budgetizerErrors(2, 'Undefined varia...', '/Users/kencowle...', 20)
#2 {main}
[09-Oct-2024 10:46:23 America/Denver] #0 /Users/kencowles/src/budget/database/errFunctions.php(171): budgetizerErrors(2, 'include(accounts/gmail.php): Failed to open stream: No such file or directory', '/Users/kencowles/src/budget/database/errFunctions.php', 171)
#1 /Users/kencowles/src/budget/database/errFunctions.php(171): include()
#2 /Users/kencowles/src/budget/database/errFunctions.php(105): errorEmail('An uncaught exception occurred:
Code: 0 in file /Users/kencowles/src/budget/database/errFunctions.php at line 178
Call to a member function isHTML() on null
TRACE: #0 /Users/kencowles/src/budget/database/errFunctions.php(83): errorEmail('#0 /Users/kenco...')
#1 /Users/kencowles/src/budget/accounts/lockStatus.php(20): budgetizerErrors(2, 'Undefined varia...', '/Users/kencowle...', 20)
#2 {main}')
#3 [internal function](): budgetizerExceptions(Error)

[09-Oct-2024 10:46:23 America/Denver] PHP Warning:  include(accounts/gmail.php): Failed to open stream: No such file or directory in /Users/kencowles/src/budget/database/errFunctions.php on line 171
[09-Oct-2024 10:46:23 America/Denver] PHP Warning:  include(): Failed opening 'accounts/gmail.php' for inclusion (include_path='.:/Applications/MAMP/bin/php/php8.2.20/lib/php') in /Users/kencowles/src/budget/database/errFunctions.php on line 171
[09-Oct-2024 10:46:23 America/Denver] PHP Warning:  Undefined variable $mail in /Users/kencowles/src/budget/database/errFunctions.php on line 178
[09-Oct-2024 10:46:23 America/Denver] PHP Fatal error:  Uncaught Error: Call to a member function isHTML() on null in /Users/kencowles/src/budget/database/errFunctions.php:178
Stack trace:
#0 /Users/kencowles/src/budget/database/errFunctions.php(83): errorEmail('#0 /Users/kenco...')
#1 /Users/kencowles/src/budget/database/errFunctions.php(171): budgetizerErrors(2, 'include(account...', '/Users/kencowle...', 171)
#2 /Users/kencowles/src/budget/database/errFunctions.php(171): include('/Users/kencowle...')
#3 /Users/kencowles/src/budget/database/errFunctions.php(105): errorEmail('An uncaught exc...')
#4 [internal function]: budgetizerExceptions(Object(Error))
#5 {main}
  thrown in /Users/kencowles/src/budget/database/errFunctions.php on line 178
[09-Oct-2024 16:47:00 UTC] #0 /Users/kencowles/src/budget/accounts/lockStatus.php(20): budgetizerErrors(2, 'Undefined variable $pdo', '/Users/kencowles/src/budget/accounts/lockStatus.php', 20)

[09-Oct-2024 16:47:00 UTC] PHP Warning:  include(accounts/gmail.php): Failed to open stream: No such file or directory in /Users/kencowles/src/budget/database/errFunctions.php on line 171
[09-Oct-2024 16:47:00 UTC] PHP Warning:  include(): Failed opening 'accounts/gmail.php' for inclusion (include_path='.:/Applications/MAMP/bin/php/php8.2.20/lib/php') in /Users/kencowles/src/budget/database/errFunctions.php on line 171
[09-Oct-2024 10:47:00 America/Denver] PHP Warning:  Undefined variable $mail in /Users/kencowles/src/budget/database/errFunctions.php on line 178
[09-Oct-2024 10:47:00 America/Denver] Xdebug: [Step Debug] Could not connect to debugging client. Tried: localhost:9003 (through xdebug.client_host/xdebug.client_port).
[09-Oct-2024 10:47:00 America/Denver] An uncaught exception occurred:
Code: 0 in file /Users/kencowles/src/budget/database/errFunctions.php at line 178
Call to a member function isHTML() on null
TRACE: #0 /Users/kencowles/src/budget/database/errFunctions.php(83): errorEmail('#0 /Users/kenco...')
#1 /Users/kencowles/src/budget/accounts/lockStatus.php(20): budgetizerErrors(2, 'Undefined varia...', '/Users/kencowle...', 20)
#2 {main}
[09-Oct-2024 10:47:00 America/Denver] #0 /Users/kencowles/src/budget/database/errFunctions.php(171): budgetizerErrors(2, 'include(accounts/gmail.php): Failed to open stream: No such file or directory', '/Users/kencowles/src/budget/database/errFunctions.php', 171)
#1 /Users/kencowles/src/budget/database/errFunctions.php(171): include()
#2 /Users/kencowles/src/budget/database/errFunctions.php(105): errorEmail('An uncaught exception occurred:
Code: 0 in file /Users/kencowles/src/budget/database/errFunctions.php at line 178
Call to a member function isHTML() on null
TRACE: #0 /Users/kencowles/src/budget/database/errFunctions.php(83): errorEmail('#0 /Users/kenco...')
#1 /Users/kencowles/src/budget/accounts/lockStatus.php(20): budgetizerErrors(2, 'Undefined varia...', '/Users/kencowle...', 20)
#2 {main}')
#3 [internal function](): budgetizerExceptions(Error)

[09-Oct-2024 10:47:00 America/Denver] PHP Warning:  include(accounts/gmail.php): Failed to open stream: No such file or directory in /Users/kencowles/src/budget/database/errFunctions.php on line 171
[09-Oct-2024 10:47:00 America/Denver] PHP Warning:  include(): Failed opening 'accounts/gmail.php' for inclusion (include_path='.:/Applications/MAMP/bin/php/php8.2.20/lib/php') in /Users/kencowles/src/budget/database/errFunctions.php on line 171
[09-Oct-2024 10:47:00 America/Denver] PHP Warning:  Undefined variable $mail in /Users/kencowles/src/budget/database/errFunctions.php on line 178
[09-Oct-2024 10:47:00 America/Denver] PHP Fatal error:  Uncaught Error: Call to a member function isHTML() on null in /Users/kencowles/src/budget/database/errFunctions.php:178
Stack trace:
#0 /Users/kencowles/src/budget/database/errFunctions.php(83): errorEmail('#0 /Users/kenco...')
#1 /Users/kencowles/src/budget/database/errFunctions.php(171): budgetizerErrors(2, 'include(account...', '/Users/kencowle...', 171)
#2 /Users/kencowles/src/budget/database/errFunctions.php(171): include('/Users/kencowle...')
#3 /Users/kencowles/src/budget/database/errFunctions.php(105): errorEmail('An uncaught exc...')
#4 [internal function]: budgetizerExceptions(Object(Error))
#5 {main}
  thrown in /Users/kencowles/src/budget/database/errFunctions.php on line 178
[09-Oct-2024 16:49:20 UTC] #0 /Users/kencowles/src/budget/accounts/lockStatus.php(20): budgetizerErrors(2, 'Undefined variable $pdo', '/Users/kencowles/src/budget/accounts/lockStatus.php', 20)

[09-Oct-2024 16:49:20 UTC] PHP Warning:  include(accounts/gmail.php): Failed to open stream: No such file or directory in /Users/kencowles/src/budget/database/errFunctions.php on line 171
[09-Oct-2024 16:49:20 UTC] PHP Warning:  include(): Failed opening 'accounts/gmail.php' for inclusion (include_path='.:/Applications/MAMP/bin/php/php8.2.20/lib/php') in /Users/kencowles/src/budget/database/errFunctions.php on line 171
[09-Oct-2024 10:49:20 America/Denver] PHP Warning:  Undefined variable $mail in /Users/kencowles/src/budget/database/errFunctions.php on line 178
[09-Oct-2024 10:49:20 America/Denver] Xdebug: [Step Debug] Could not connect to debugging client. Tried: localhost:9003 (through xdebug.client_host/xdebug.client_port).
[09-Oct-2024 10:49:20 America/Denver] An uncaught exception occurred:
Code: 0 in file /Users/kencowles/src/budget/database/errFunctions.php at line 178
Call to a member function isHTML() on null
TRACE: #0 /Users/kencowles/src/budget/database/errFunctions.php(83): errorEmail('#0 /Users/kenco...')
#1 /Users/kencowles/src/budget/accounts/lockStatus.php(20): budgetizerErrors(2, 'Undefined varia...', '/Users/kencowle...', 20)
#2 {main}
[09-Oct-2024 10:49:20 America/Denver] #0 /Users/kencowles/src/budget/database/errFunctions.php(171): budgetizerErrors(2, 'include(accounts/gmail.php): Failed to open stream: No such file or directory', '/Users/kencowles/src/budget/database/errFunctions.php', 171)
#1 /Users/kencowles/src/budget/database/errFunctions.php(171): include()
#2 /Users/kencowles/src/budget/database/errFunctions.php(105): errorEmail('An uncaught exception occurred:
Code: 0 in file /Users/kencowles/src/budget/database/errFunctions.php at line 178
Call to a member function isHTML() on null
TRACE: #0 /Users/kencowles/src/budget/database/errFunctions.php(83): errorEmail('#0 /Users/kenco...')
#1 /Users/kencowles/src/budget/accounts/lockStatus.php(20): budgetizerErrors(2, 'Undefined varia...', '/Users/kencowle...', 20)
#2 {main}')
#3 [internal function](): budgetizerExceptions(Error)

[09-Oct-2024 10:49:20 America/Denver] PHP Warning:  include(accounts/gmail.php): Failed to open stream: No such file or directory in /Users/kencowles/src/budget/database/errFunctions.php on line 171
[09-Oct-2024 10:49:20 America/Denver] PHP Warning:  include(): Failed opening 'accounts/gmail.php' for inclusion (include_path='.:/Applications/MAMP/bin/php/php8.2.20/lib/php') in /Users/kencowles/src/budget/database/errFunctions.php on line 171
[09-Oct-2024 10:49:20 America/Denver] PHP Warning:  Undefined variable $mail in /Users/kencowles/src/budget/database/errFunctions.php on line 178
[09-Oct-2024 10:49:20 America/Denver] PHP Fatal error:  Uncaught Error: Call to a member function isHTML() on null in /Users/kencowles/src/budget/database/errFunctions.php:178
Stack trace:
#0 /Users/kencowles/src/budget/database/errFunctions.php(83): errorEmail('#0 /Users/kenco...')
#1 /Users/kencowles/src/budget/database/errFunctions.php(171): budgetizerErrors(2, 'include(account...', '/Users/kencowle...', 171)
#2 /Users/kencowles/src/budget/database/errFunctions.php(171): include('/Users/kencowle...')
#3 /Users/kencowles/src/budget/database/errFunctions.php(105): errorEmail('An uncaught exc...')
#4 [internal function]: budgetizerExceptions(Object(Error))
#5 {main}
  thrown in /Users/kencowles/src/budget/database/errFunctions.php on line 178
[09-Oct-2024 16:54:00 UTC] #0 /Users/kencowles/src/budget/accounts/lockStatus.php(20): budgetizerErrors(2, 'Undefined variable $pdo', '/Users/kencowles/src/budget/accounts/lockStatus.php', 20)

[09-Oct-2024 16:54:00 UTC] PHP Warning:  include(accounts/gmail.php): Failed to open stream: No such file or directory in /Users/kencowles/src/budget/database/errFunctions.php on line 171
[09-Oct-2024 16:54:00 UTC] PHP Warning:  include(): Failed opening 'accounts/gmail.php' for inclusion (include_path='.:/Applications/MAMP/bin/php/php8.2.20/lib/php') in /Users/kencowles/src/budget/database/errFunctions.php on line 171
[09-Oct-2024 10:54:00 America/Denver] PHP Warning:  Undefined variable $mail in /Users/kencowles/src/budget/database/errFunctions.php on line 178
[09-Oct-2024 10:54:00 America/Denver] Xdebug: [Step Debug] Could not connect to debugging client. Tried: localhost:9003 (through xdebug.client_host/xdebug.client_port).
[09-Oct-2024 10:54:00 America/Denver] An uncaught exception occurred:
Code: 0 in file /Users/kencowles/src/budget/database/errFunctions.php at line 178
Call to a member function isHTML() on null
TRACE: #0 /Users/kencowles/src/budget/database/errFunctions.php(83): errorEmail('#0 /Users/kenco...')
#1 /Users/kencowles/src/budget/accounts/lockStatus.php(20): budgetizerErrors(2, 'Undefined varia...', '/Users/kencowle...', 20)
#2 {main}
[09-Oct-2024 10:54:00 America/Denver] #0 /Users/kencowles/src/budget/database/errFunctions.php(171): budgetizerErrors(2, 'include(accounts/gmail.php): Failed to open stream: No such file or directory', '/Users/kencowles/src/budget/database/errFunctions.php', 171)
#1 /Users/kencowles/src/budget/database/errFunctions.php(171): include()
#2 /Users/kencowles/src/budget/database/errFunctions.php(105): errorEmail('An uncaught exception occurred:
Code: 0 in file /Users/kencowles/src/budget/database/errFunctions.php at line 178
Call to a member function isHTML() on null
TRACE: #0 /Users/kencowles/src/budget/database/errFunctions.php(83): errorEmail('#0 /Users/kenco...')
#1 /Users/kencowles/src/budget/accounts/lockStatus.php(20): budgetizerErrors(2, 'Undefined varia...', '/Users/kencowle...', 20)
#2 {main}')
#3 [internal function](): budgetizerExceptions(Error)

[09-Oct-2024 10:54:00 America/Denver] PHP Warning:  include(accounts/gmail.php): Failed to open stream: No such file or directory in /Users/kencowles/src/budget/database/errFunctions.php on line 171
[09-Oct-2024 10:54:00 America/Denver] PHP Warning:  include(): Failed opening 'accounts/gmail.php' for inclusion (include_path='.:/Applications/MAMP/bin/php/php8.2.20/lib/php') in /Users/kencowles/src/budget/database/errFunctions.php on line 171
[09-Oct-2024 10:54:00 America/Denver] PHP Warning:  Undefined variable $mail in /Users/kencowles/src/budget/database/errFunctions.php on line 178
[09-Oct-2024 10:54:00 America/Denver] PHP Fatal error:  Uncaught Error: Call to a member function isHTML() on null in /Users/kencowles/src/budget/database/errFunctions.php:178
Stack trace:
#0 /Users/kencowles/src/budget/database/errFunctions.php(83): errorEmail('#0 /Users/kenco...')
#1 /Users/kencowles/src/budget/database/errFunctions.php(171): budgetizerErrors(2, 'include(account...', '/Users/kencowle...', 171)
#2 /Users/kencowles/src/budget/database/errFunctions.php(171): include('/Users/kencowle...')
#3 /Users/kencowles/src/budget/database/errFunctions.php(105): errorEmail('An uncaught exc...')
#4 [internal function]: budgetizerExceptions(Object(Error))
#5 {main}
  thrown in /Users/kencowles/src/budget/database/errFunctions.php on line 178
[09-Oct-2024 16:57:00 UTC] #0 /Users/kencowles/src/budget/accounts/lockStatus.php(20): budgetizerErrors(2, 'Undefined variable $pdo', '/Users/kencowles/src/budget/accounts/lockStatus.php', 20)

[09-Oct-2024 16:57:00 UTC] PHP Warning:  include(accounts/gmail.php): Failed to open stream: No such file or directory in /Users/kencowles/src/budget/database/errFunctions.php on line 171
[09-Oct-2024 16:57:00 UTC] PHP Warning:  include(): Failed opening 'accounts/gmail.php' for inclusion (include_path='.:/Applications/MAMP/bin/php/php8.2.20/lib/php') in /Users/kencowles/src/budget/database/errFunctions.php on line 171
[09-Oct-2024 10:57:00 America/Denver] PHP Warning:  Undefined variable $mail in /Users/kencowles/src/budget/database/errFunctions.php on line 178
[09-Oct-2024 10:57:00 America/Denver] Xdebug: [Step Debug] Could not connect to debugging client. Tried: localhost:9003 (through xdebug.client_host/xdebug.client_port).
[09-Oct-2024 10:57:00 America/Denver] An uncaught exception occurred:
Code: 0 in file /Users/kencowles/src/budget/database/errFunctions.php at line 178
Call to a member function isHTML() on null
TRACE: #0 /Users/kencowles/src/budget/database/errFunctions.php(83): errorEmail('#0 /Users/kenco...')
#1 /Users/kencowles/src/budget/accounts/lockStatus.php(20): budgetizerErrors(2, 'Undefined varia...', '/Users/kencowle...', 20)
#2 {main}
[09-Oct-2024 10:57:00 America/Denver] #0 /Users/kencowles/src/budget/database/errFunctions.php(171): budgetizerErrors(2, 'include(accounts/gmail.php): Failed to open stream: No such file or directory', '/Users/kencowles/src/budget/database/errFunctions.php', 171)
#1 /Users/kencowles/src/budget/database/errFunctions.php(171): include()
#2 /Users/kencowles/src/budget/database/errFunctions.php(105): errorEmail('An uncaught exception occurred:
Code: 0 in file /Users/kencowles/src/budget/database/errFunctions.php at line 178
Call to a member function isHTML() on null
TRACE: #0 /Users/kencowles/src/budget/database/errFunctions.php(83): errorEmail('#0 /Users/kenco...')
#1 /Users/kencowles/src/budget/accounts/lockStatus.php(20): budgetizerErrors(2, 'Undefined varia...', '/Users/kencowle...', 20)
#2 {main}')
#3 [internal function](): budgetizerExceptions(Error)

[09-Oct-2024 10:57:00 America/Denver] PHP Warning:  include(accounts/gmail.php): Failed to open stream: No such file or directory in /Users/kencowles/src/budget/database/errFunctions.php on line 171
[09-Oct-2024 10:57:00 America/Denver] PHP Warning:  include(): Failed opening 'accounts/gmail.php' for inclusion (include_path='.:/Applications/MAMP/bin/php/php8.2.20/lib/php') in /Users/kencowles/src/budget/database/errFunctions.php on line 171
[09-Oct-2024 10:57:00 America/Denver] PHP Warning:  Undefined variable $mail in /Users/kencowles/src/budget/database/errFunctions.php on line 178
[09-Oct-2024 10:57:00 America/Denver] PHP Fatal error:  Uncaught Error: Call to a member function isHTML() on null in /Users/kencowles/src/budget/database/errFunctions.php:178
Stack trace:
#0 /Users/kencowles/src/budget/database/errFunctions.php(83): errorEmail('#0 /Users/kenco...')
#1 /Users/kencowles/src/budget/database/errFunctions.php(171): budgetizerErrors(2, 'include(account...', '/Users/kencowle...', 171)
#2 /Users/kencowles/src/budget/database/errFunctions.php(171): include('/Users/kencowle...')
#3 /Users/kencowles/src/budget/database/errFunctions.php(105): errorEmail('An uncaught exc...')
#4 [internal function]: budgetizerExceptions(Object(Error))
#5 {main}
  thrown in /Users/kencowles/src/budget/database/errFunctions.php on line 178
[09-Oct-2024 17:34:48 UTC] #0 /Users/kencowles/src/budget/accounts/lockStatus.php(20): budgetizerErrors(2, 'Undefined variable $pdo', '/Users/kencowles/src/budget/accounts/lockStatus.php', 20)

[09-Oct-2024 17:34:48 UTC] PHP Warning:  include(accounts/gmail.php): Failed to open stream: No such file or directory in /Users/kencowles/src/budget/database/errFunctions.php on line 171
[09-Oct-2024 17:34:48 UTC] PHP Warning:  include(): Failed opening 'accounts/gmail.php' for inclusion (include_path='.:/Applications/MAMP/bin/php/php8.2.20/lib/php') in /Users/kencowles/src/budget/database/errFunctions.php on line 171
[09-Oct-2024 11:34:48 America/Denver] PHP Warning:  Undefined variable $mail in /Users/kencowles/src/budget/database/errFunctions.php on line 178
[09-Oct-2024 11:34:48 America/Denver] Xdebug: [Step Debug] Could not connect to debugging client. Tried: localhost:9003 (through xdebug.client_host/xdebug.client_port).
[09-Oct-2024 11:34:48 America/Denver] An uncaught exception occurred:
Code: 0 in file /Users/kencowles/src/budget/database/errFunctions.php at line 178
Call to a member function isHTML() on null
TRACE: #0 /Users/kencowles/src/budget/database/errFunctions.php(83): errorEmail('#0 /Users/kenco...')
#1 /Users/kencowles/src/budget/accounts/lockStatus.php(20): budgetizerErrors(2, 'Undefined varia...', '/Users/kencowle...', 20)
#2 {main}
[09-Oct-2024 11:34:48 America/Denver] #0 /Users/kencowles/src/budget/database/errFunctions.php(171): budgetizerErrors(2, 'include(accounts/gmail.php): Failed to open stream: No such file or directory', '/Users/kencowles/src/budget/database/errFunctions.php', 171)
#1 /Users/kencowles/src/budget/database/errFunctions.php(171): include()
#2 /Users/kencowles/src/budget/database/errFunctions.php(105): errorEmail('An uncaught exception occurred:
Code: 0 in file /Users/kencowles/src/budget/database/errFunctions.php at line 178
Call to a member function isHTML() on null
TRACE: #0 /Users/kencowles/src/budget/database/errFunctions.php(83): errorEmail('#0 /Users/kenco...')
#1 /Users/kencowles/src/budget/accounts/lockStatus.php(20): budgetizerErrors(2, 'Undefined varia...', '/Users/kencowle...', 20)
#2 {main}')
#3 [internal function](): budgetizerExceptions(Error)

[09-Oct-2024 11:34:48 America/Denver] PHP Warning:  include(accounts/gmail.php): Failed to open stream: No such file or directory in /Users/kencowles/src/budget/database/errFunctions.php on line 171
[09-Oct-2024 11:34:48 America/Denver] PHP Warning:  include(): Failed opening 'accounts/gmail.php' for inclusion (include_path='.:/Applications/MAMP/bin/php/php8.2.20/lib/php') in /Users/kencowles/src/budget/database/errFunctions.php on line 171
[09-Oct-2024 11:34:48 America/Denver] PHP Warning:  Undefined variable $mail in /Users/kencowles/src/budget/database/errFunctions.php on line 178
[09-Oct-2024 11:34:48 America/Denver] PHP Fatal error:  Uncaught Error: Call to a member function isHTML() on null in /Users/kencowles/src/budget/database/errFunctions.php:178
Stack trace:
#0 /Users/kencowles/src/budget/database/errFunctions.php(83): errorEmail('#0 /Users/kenco...')
#1 /Users/kencowles/src/budget/database/errFunctions.php(171): budgetizerErrors(2, 'include(account...', '/Users/kencowle...', 171)
#2 /Users/kencowles/src/budget/database/errFunctions.php(171): include('/Users/kencowle...')
#3 /Users/kencowles/src/budget/database/errFunctions.php(105): errorEmail('An uncaught exc...')
#4 [internal function]: budgetizerExceptions(Object(Error))
#5 {main}
  thrown in /Users/kencowles/src/budget/database/errFunctions.php on line 178
[09-Oct-2024 17:35:27 UTC] #0 /Users/kencowles/src/budget/accounts/lockStatus.php(20): budgetizerErrors(2, 'Undefined variable $pdo', '/Users/kencowles/src/budget/accounts/lockStatus.php', 20)

[09-Oct-2024 17:35:27 UTC] PHP Warning:  include(accounts/gmail.php): Failed to open stream: No such file or directory in /Users/kencowles/src/budget/database/errFunctions.php on line 171
[09-Oct-2024 17:35:27 UTC] PHP Warning:  include(): Failed opening 'accounts/gmail.php' for inclusion (include_path='.:/Applications/MAMP/bin/php/php8.2.20/lib/php') in /Users/kencowles/src/budget/database/errFunctions.php on line 171
[09-Oct-2024 11:35:27 America/Denver] PHP Warning:  Undefined variable $mail in /Users/kencowles/src/budget/database/errFunctions.php on line 178
[09-Oct-2024 11:35:27 America/Denver] Xdebug: [Step Debug] Could not connect to debugging client. Tried: localhost:9003 (through xdebug.client_host/xdebug.client_port).
[09-Oct-2024 11:35:27 America/Denver] An uncaught exception occurred:
Code: 0 in file /Users/kencowles/src/budget/database/errFunctions.php at line 178
Call to a member function isHTML() on null
TRACE: #0 /Users/kencowles/src/budget/database/errFunctions.php(83): errorEmail('#0 /Users/kenco...')
#1 /Users/kencowles/src/budget/accounts/lockStatus.php(20): budgetizerErrors(2, 'Undefined varia...', '/Users/kencowle...', 20)
#2 {main}
[09-Oct-2024 11:35:27 America/Denver] #0 /Users/kencowles/src/budget/database/errFunctions.php(171): budgetizerErrors(2, 'include(accounts/gmail.php): Failed to open stream: No such file or directory', '/Users/kencowles/src/budget/database/errFunctions.php', 171)
#1 /Users/kencowles/src/budget/database/errFunctions.php(171): include()
#2 /Users/kencowles/src/budget/database/errFunctions.php(105): errorEmail('An uncaught exception occurred:
Code: 0 in file /Users/kencowles/src/budget/database/errFunctions.php at line 178
Call to a member function isHTML() on null
TRACE: #0 /Users/kencowles/src/budget/database/errFunctions.php(83): errorEmail('#0 /Users/kenco...')
#1 /Users/kencowles/src/budget/accounts/lockStatus.php(20): budgetizerErrors(2, 'Undefined varia...', '/Users/kencowle...', 20)
#2 {main}')
#3 [internal function](): budgetizerExceptions(Error)

[09-Oct-2024 11:35:27 America/Denver] PHP Warning:  include(accounts/gmail.php): Failed to open stream: No such file or directory in /Users/kencowles/src/budget/database/errFunctions.php on line 171
[09-Oct-2024 11:35:27 America/Denver] PHP Warning:  include(): Failed opening 'accounts/gmail.php' for inclusion (include_path='.:/Applications/MAMP/bin/php/php8.2.20/lib/php') in /Users/kencowles/src/budget/database/errFunctions.php on line 171
[09-Oct-2024 11:35:27 America/Denver] PHP Warning:  Undefined variable $mail in /Users/kencowles/src/budget/database/errFunctions.php on line 178
[09-Oct-2024 11:35:27 America/Denver] PHP Fatal error:  Uncaught Error: Call to a member function isHTML() on null in /Users/kencowles/src/budget/database/errFunctions.php:178
Stack trace:
#0 /Users/kencowles/src/budget/database/errFunctions.php(83): errorEmail('#0 /Users/kenco...')
#1 /Users/kencowles/src/budget/database/errFunctions.php(171): budgetizerErrors(2, 'include(account...', '/Users/kencowle...', 171)
#2 /Users/kencowles/src/budget/database/errFunctions.php(171): include('/Users/kencowle...')
#3 /Users/kencowles/src/budget/database/errFunctions.php(105): errorEmail('An uncaught exc...')
#4 [internal function]: budgetizerExceptions(Object(Error))
#5 {main}
  thrown in /Users/kencowles/src/budget/database/errFunctions.php on line 178
[09-Oct-2024 17:44:09 UTC] #0 /Users/kencowles/src/budget/accounts/lockStatus.php(20): budgetizerErrors(2, 'Undefined variable $pdo', '/Users/kencowles/src/budget/accounts/lockStatus.php', 20)

[09-Oct-2024 17:44:09 UTC] PHP Warning:  include(accounts/gmail.php): Failed to open stream: No such file or directory in /Users/kencowles/src/budget/database/errFunctions.php on line 171
[09-Oct-2024 17:44:09 UTC] PHP Warning:  include(): Failed opening 'accounts/gmail.php' for inclusion (include_path='.:/Applications/MAMP/bin/php/php8.2.20/lib/php') in /Users/kencowles/src/budget/database/errFunctions.php on line 171
[09-Oct-2024 11:44:09 America/Denver] PHP Warning:  Undefined variable $mail in /Users/kencowles/src/budget/database/errFunctions.php on line 178
[09-Oct-2024 11:44:09 America/Denver] Xdebug: [Step Debug] Could not connect to debugging client. Tried: localhost:9003 (through xdebug.client_host/xdebug.client_port).
[09-Oct-2024 11:44:09 America/Denver] An uncaught exception occurred:
Code: 0 in file /Users/kencowles/src/budget/database/errFunctions.php at line 178
Call to a member function isHTML() on null
TRACE: #0 /Users/kencowles/src/budget/database/errFunctions.php(83): errorEmail('#0 /Users/kenco...')
#1 /Users/kencowles/src/budget/accounts/lockStatus.php(20): budgetizerErrors(2, 'Undefined varia...', '/Users/kencowle...', 20)
#2 {main}
[09-Oct-2024 11:44:09 America/Denver] #0 /Users/kencowles/src/budget/database/errFunctions.php(171): budgetizerErrors(2, 'include(accounts/gmail.php): Failed to open stream: No such file or directory', '/Users/kencowles/src/budget/database/errFunctions.php', 171)
#1 /Users/kencowles/src/budget/database/errFunctions.php(171): include()
#2 /Users/kencowles/src/budget/database/errFunctions.php(105): errorEmail('An uncaught exception occurred:
Code: 0 in file /Users/kencowles/src/budget/database/errFunctions.php at line 178
Call to a member function isHTML() on null
TRACE: #0 /Users/kencowles/src/budget/database/errFunctions.php(83): errorEmail('#0 /Users/kenco...')
#1 /Users/kencowles/src/budget/accounts/lockStatus.php(20): budgetizerErrors(2, 'Undefined varia...', '/Users/kencowle...', 20)
#2 {main}')
#3 [internal function](): budgetizerExceptions(Error)

[09-Oct-2024 11:44:09 America/Denver] PHP Warning:  include(accounts/gmail.php): Failed to open stream: No such file or directory in /Users/kencowles/src/budget/database/errFunctions.php on line 171
[09-Oct-2024 11:44:09 America/Denver] PHP Warning:  include(): Failed opening 'accounts/gmail.php' for inclusion (include_path='.:/Applications/MAMP/bin/php/php8.2.20/lib/php') in /Users/kencowles/src/budget/database/errFunctions.php on line 171
[09-Oct-2024 11:44:09 America/Denver] PHP Warning:  Undefined variable $mail in /Users/kencowles/src/budget/database/errFunctions.php on line 178
[09-Oct-2024 11:44:09 America/Denver] PHP Fatal error:  Uncaught Error: Call to a member function isHTML() on null in /Users/kencowles/src/budget/database/errFunctions.php:178
Stack trace:
#0 /Users/kencowles/src/budget/database/errFunctions.php(83): errorEmail('#0 /Users/kenco...')
#1 /Users/kencowles/src/budget/database/errFunctions.php(171): budgetizerErrors(2, 'include(account...', '/Users/kencowle...', 171)
#2 /Users/kencowles/src/budget/database/errFunctions.php(171): include('/Users/kencowle...')
#3 /Users/kencowles/src/budget/database/errFunctions.php(105): errorEmail('An uncaught exc...')
#4 [internal function]: budgetizerExceptions(Object(Error))
#5 {main}
  thrown in /Users/kencowles/src/budget/database/errFunctions.php on line 178
[09-Oct-2024 17:44:47 UTC] #0 /Users/kencowles/src/budget/accounts/lockStatus.php(20): budgetizerErrors(2, 'Undefined variable $pdo', '/Users/kencowles/src/budget/accounts/lockStatus.php', 20)

[09-Oct-2024 17:44:47 UTC] PHP Warning:  include(accounts/gmail.php): Failed to open stream: No such file or directory in /Users/kencowles/src/budget/database/errFunctions.php on line 171
[09-Oct-2024 17:44:47 UTC] PHP Warning:  include(): Failed opening 'accounts/gmail.php' for inclusion (include_path='.:/Applications/MAMP/bin/php/php8.2.20/lib/php') in /Users/kencowles/src/budget/database/errFunctions.php on line 171
[09-Oct-2024 11:44:47 America/Denver] PHP Warning:  Undefined variable $mail in /Users/kencowles/src/budget/database/errFunctions.php on line 178
[09-Oct-2024 11:44:47 America/Denver] Xdebug: [Step Debug] Could not connect to debugging client. Tried: localhost:9003 (through xdebug.client_host/xdebug.client_port).
[09-Oct-2024 11:44:47 America/Denver] An uncaught exception occurred:
Code: 0 in file /Users/kencowles/src/budget/database/errFunctions.php at line 178
Call to a member function isHTML() on null
TRACE: #0 /Users/kencowles/src/budget/database/errFunctions.php(83): errorEmail('#0 /Users/kenco...')
#1 /Users/kencowles/src/budget/accounts/lockStatus.php(20): budgetizerErrors(2, 'Undefined varia...', '/Users/kencowle...', 20)
#2 {main}
[09-Oct-2024 11:44:47 America/Denver] #0 /Users/kencowles/src/budget/database/errFunctions.php(171): budgetizerErrors(2, 'include(accounts/gmail.php): Failed to open stream: No such file or directory', '/Users/kencowles/src/budget/database/errFunctions.php', 171)
#1 /Users/kencowles/src/budget/database/errFunctions.php(171): include()
#2 /Users/kencowles/src/budget/database/errFunctions.php(105): errorEmail('An uncaught exception occurred:
Code: 0 in file /Users/kencowles/src/budget/database/errFunctions.php at line 178
Call to a member function isHTML() on null
TRACE: #0 /Users/kencowles/src/budget/database/errFunctions.php(83): errorEmail('#0 /Users/kenco...')
#1 /Users/kencowles/src/budget/accounts/lockStatus.php(20): budgetizerErrors(2, 'Undefined varia...', '/Users/kencowle...', 20)
#2 {main}')
#3 [internal function](): budgetizerExceptions(Error)

[09-Oct-2024 11:44:47 America/Denver] PHP Warning:  include(accounts/gmail.php): Failed to open stream: No such file or directory in /Users/kencowles/src/budget/database/errFunctions.php on line 171
[09-Oct-2024 11:44:47 America/Denver] PHP Warning:  include(): Failed opening 'accounts/gmail.php' for inclusion (include_path='.:/Applications/MAMP/bin/php/php8.2.20/lib/php') in /Users/kencowles/src/budget/database/errFunctions.php on line 171
[09-Oct-2024 11:44:47 America/Denver] PHP Warning:  Undefined variable $mail in /Users/kencowles/src/budget/database/errFunctions.php on line 178
[09-Oct-2024 11:44:47 America/Denver] PHP Fatal error:  Uncaught Error: Call to a member function isHTML() on null in /Users/kencowles/src/budget/database/errFunctions.php:178
Stack trace:
#0 /Users/kencowles/src/budget/database/errFunctions.php(83): errorEmail('#0 /Users/kenco...')
#1 /Users/kencowles/src/budget/database/errFunctions.php(171): budgetizerErrors(2, 'include(account...', '/Users/kencowle...', 171)
#2 /Users/kencowles/src/budget/database/errFunctions.php(171): include('/Users/kencowle...')
#3 /Users/kencowles/src/budget/database/errFunctions.php(105): errorEmail('An uncaught exc...')
#4 [internal function]: budgetizerExceptions(Object(Error))
#5 {main}
  thrown in /Users/kencowles/src/budget/database/errFunctions.php on line 178
[09-Oct-2024 17:47:35 UTC] #0 /Users/kencowles/src/budget/accounts/lockStatus.php(20): budgetizerErrors(2, 'Undefined variable $pdo', '/Users/kencowles/src/budget/accounts/lockStatus.php', 20)

[09-Oct-2024 17:47:35 UTC] PHP Warning:  include(accounts/gmail.php): Failed to open stream: No such file or directory in /Users/kencowles/src/budget/database/errFunctions.php on line 171
[09-Oct-2024 17:47:35 UTC] PHP Warning:  include(): Failed opening 'accounts/gmail.php' for inclusion (include_path='.:/Applications/MAMP/bin/php/php8.2.20/lib/php') in /Users/kencowles/src/budget/database/errFunctions.php on line 171
[09-Oct-2024 11:47:35 America/Denver] PHP Warning:  Undefined variable $mail in /Users/kencowles/src/budget/database/errFunctions.php on line 178
[09-Oct-2024 11:47:35 America/Denver] Xdebug: [Step Debug] Could not connect to debugging client. Tried: localhost:9003 (through xdebug.client_host/xdebug.client_port).
[09-Oct-2024 11:47:35 America/Denver] An uncaught exception occurred:
Code: 0 in file /Users/kencowles/src/budget/database/errFunctions.php at line 178
Call to a member function isHTML() on null
TRACE: #0 /Users/kencowles/src/budget/database/errFunctions.php(83): errorEmail('#0 /Users/kenco...')
#1 /Users/kencowles/src/budget/accounts/lockStatus.php(20): budgetizerErrors(2, 'Undefined varia...', '/Users/kencowle...', 20)
#2 {main}
[09-Oct-2024 11:47:35 America/Denver] #0 /Users/kencowles/src/budget/database/errFunctions.php(171): budgetizerErrors(2, 'include(accounts/gmail.php): Failed to open stream: No such file or directory', '/Users/kencowles/src/budget/database/errFunctions.php', 171)
#1 /Users/kencowles/src/budget/database/errFunctions.php(171): include()
#2 /Users/kencowles/src/budget/database/errFunctions.php(105): errorEmail('An uncaught exception occurred:
Code: 0 in file /Users/kencowles/src/budget/database/errFunctions.php at line 178
Call to a member function isHTML() on null
TRACE: #0 /Users/kencowles/src/budget/database/errFunctions.php(83): errorEmail('#0 /Users/kenco...')
#1 /Users/kencowles/src/budget/accounts/lockStatus.php(20): budgetizerErrors(2, 'Undefined varia...', '/Users/kencowle...', 20)
#2 {main}')
#3 [internal function](): budgetizerExceptions(Error)

[09-Oct-2024 11:47:35 America/Denver] PHP Warning:  include(accounts/gmail.php): Failed to open stream: No such file or directory in /Users/kencowles/src/budget/database/errFunctions.php on line 171
[09-Oct-2024 11:47:35 America/Denver] PHP Warning:  include(): Failed opening 'accounts/gmail.php' for inclusion (include_path='.:/Applications/MAMP/bin/php/php8.2.20/lib/php') in /Users/kencowles/src/budget/database/errFunctions.php on line 171
[09-Oct-2024 11:47:35 America/Denver] PHP Warning:  Undefined variable $mail in /Users/kencowles/src/budget/database/errFunctions.php on line 178
[09-Oct-2024 11:47:35 America/Denver] PHP Fatal error:  Uncaught Error: Call to a member function isHTML() on null in /Users/kencowles/src/budget/database/errFunctions.php:178
Stack trace:
#0 /Users/kencowles/src/budget/database/errFunctions.php(83): errorEmail('#0 /Users/kenco...')
#1 /Users/kencowles/src/budget/database/errFunctions.php(171): budgetizerErrors(2, 'include(account...', '/Users/kencowle...', 171)
#2 /Users/kencowles/src/budget/database/errFunctions.php(171): include('/Users/kencowle...')
#3 /Users/kencowles/src/budget/database/errFunctions.php(105): errorEmail('An uncaught exc...')
#4 [internal function]: budgetizerExceptions(Object(Error))
#5 {main}
  thrown in /Users/kencowles/src/budget/database/errFunctions.php on line 178
[09-Oct-2024 17:49:31 UTC] #0 /Users/kencowles/src/budget/accounts/lockStatus.php(20): budgetizerErrors(2, 'Undefined variable $pdo', '/Users/kencowles/src/budget/accounts/lockStatus.php', 20)

[09-Oct-2024 17:49:31 UTC] PHP Warning:  include(accounts/gmail.php): Failed to open stream: No such file or directory in /Users/kencowles/src/budget/database/errFunctions.php on line 171
[09-Oct-2024 17:49:31 UTC] PHP Warning:  include(): Failed opening 'accounts/gmail.php' for inclusion (include_path='.:/Applications/MAMP/bin/php/php8.2.20/lib/php') in /Users/kencowles/src/budget/database/errFunctions.php on line 171
[09-Oct-2024 11:49:31 America/Denver] PHP Warning:  Undefined variable $mail in /Users/kencowles/src/budget/database/errFunctions.php on line 178
[09-Oct-2024 11:49:31 America/Denver] Xdebug: [Step Debug] Could not connect to debugging client. Tried: localhost:9003 (through xdebug.client_host/xdebug.client_port).
[09-Oct-2024 11:49:31 America/Denver] An uncaught exception occurred:
Code: 0 in file /Users/kencowles/src/budget/database/errFunctions.php at line 178
Call to a member function isHTML() on null
TRACE: #0 /Users/kencowles/src/budget/database/errFunctions.php(83): errorEmail('#0 /Users/kenco...')
#1 /Users/kencowles/src/budget/accounts/lockStatus.php(20): budgetizerErrors(2, 'Undefined varia...', '/Users/kencowle...', 20)
#2 {main}
[09-Oct-2024 11:49:31 America/Denver] #0 /Users/kencowles/src/budget/database/errFunctions.php(171): budgetizerErrors(2, 'include(accounts/gmail.php): Failed to open stream: No such file or directory', '/Users/kencowles/src/budget/database/errFunctions.php', 171)
#1 /Users/kencowles/src/budget/database/errFunctions.php(171): include()
#2 /Users/kencowles/src/budget/database/errFunctions.php(105): errorEmail('An uncaught exception occurred:
Code: 0 in file /Users/kencowles/src/budget/database/errFunctions.php at line 178
Call to a member function isHTML() on null
TRACE: #0 /Users/kencowles/src/budget/database/errFunctions.php(83): errorEmail('#0 /Users/kenco...')
#1 /Users/kencowles/src/budget/accounts/lockStatus.php(20): budgetizerErrors(2, 'Undefined varia...', '/Users/kencowle...', 20)
#2 {main}')
#3 [internal function](): budgetizerExceptions(Error)

[09-Oct-2024 11:49:31 America/Denver] PHP Warning:  include(accounts/gmail.php): Failed to open stream: No such file or directory in /Users/kencowles/src/budget/database/errFunctions.php on line 171
[09-Oct-2024 11:49:31 America/Denver] PHP Warning:  include(): Failed opening 'accounts/gmail.php' for inclusion (include_path='.:/Applications/MAMP/bin/php/php8.2.20/lib/php') in /Users/kencowles/src/budget/database/errFunctions.php on line 171
[09-Oct-2024 11:49:31 America/Denver] PHP Warning:  Undefined variable $mail in /Users/kencowles/src/budget/database/errFunctions.php on line 178
[09-Oct-2024 11:49:31 America/Denver] PHP Fatal error:  Uncaught Error: Call to a member function isHTML() on null in /Users/kencowles/src/budget/database/errFunctions.php:178
Stack trace:
#0 /Users/kencowles/src/budget/database/errFunctions.php(83): errorEmail('#0 /Users/kenco...')
#1 /Users/kencowles/src/budget/database/errFunctions.php(171): budgetizerErrors(2, 'include(account...', '/Users/kencowle...', 171)
#2 /Users/kencowles/src/budget/database/errFunctions.php(171): include('/Users/kencowle...')
#3 /Users/kencowles/src/budget/database/errFunctions.php(105): errorEmail('An uncaught exc...')
#4 [internal function]: budgetizerExceptions(Object(Error))
#5 {main}
  thrown in /Users/kencowles/src/budget/database/errFunctions.php on line 178
[09-Oct-2024 17:51:14 UTC] #0 /Users/kencowles/src/budget/accounts/lockStatus.php(20): budgetizerErrors(2, 'Undefined variable $pdo', '/Users/kencowles/src/budget/accounts/lockStatus.php', 20)

[09-Oct-2024 17:51:14 UTC] PHP Warning:  include(accounts/gmail.php): Failed to open stream: No such file or directory in /Users/kencowles/src/budget/database/errFunctions.php on line 171
[09-Oct-2024 17:51:14 UTC] PHP Warning:  include(): Failed opening 'accounts/gmail.php' for inclusion (include_path='.:/Applications/MAMP/bin/php/php8.2.20/lib/php') in /Users/kencowles/src/budget/database/errFunctions.php on line 171
[09-Oct-2024 11:51:14 America/Denver] PHP Warning:  Undefined variable $mail in /Users/kencowles/src/budget/database/errFunctions.php on line 178
[09-Oct-2024 11:51:14 America/Denver] Xdebug: [Step Debug] Could not connect to debugging client. Tried: localhost:9003 (through xdebug.client_host/xdebug.client_port).
[09-Oct-2024 11:51:14 America/Denver] An uncaught exception occurred:
Code: 0 in file /Users/kencowles/src/budget/database/errFunctions.php at line 178
Call to a member function isHTML() on null
TRACE: #0 /Users/kencowles/src/budget/database/errFunctions.php(83): errorEmail('#0 /Users/kenco...')
#1 /Users/kencowles/src/budget/accounts/lockStatus.php(20): budgetizerErrors(2, 'Undefined varia...', '/Users/kencowle...', 20)
#2 {main}
[09-Oct-2024 11:51:14 America/Denver] #0 /Users/kencowles/src/budget/database/errFunctions.php(171): budgetizerErrors(2, 'include(accounts/gmail.php): Failed to open stream: No such file or directory', '/Users/kencowles/src/budget/database/errFunctions.php', 171)
#1 /Users/kencowles/src/budget/database/errFunctions.php(171): include()
#2 /Users/kencowles/src/budget/database/errFunctions.php(105): errorEmail('An uncaught exception occurred:
Code: 0 in file /Users/kencowles/src/budget/database/errFunctions.php at line 178
Call to a member function isHTML() on null
TRACE: #0 /Users/kencowles/src/budget/database/errFunctions.php(83): errorEmail('#0 /Users/kenco...')
#1 /Users/kencowles/src/budget/accounts/lockStatus.php(20): budgetizerErrors(2, 'Undefined varia...', '/Users/kencowle...', 20)
#2 {main}')
#3 [internal function](): budgetizerExceptions(Error)

[09-Oct-2024 11:51:14 America/Denver] PHP Warning:  include(accounts/gmail.php): Failed to open stream: No such file or directory in /Users/kencowles/src/budget/database/errFunctions.php on line 171
[09-Oct-2024 11:51:14 America/Denver] PHP Warning:  include(): Failed opening 'accounts/gmail.php' for inclusion (include_path='.:/Applications/MAMP/bin/php/php8.2.20/lib/php') in /Users/kencowles/src/budget/database/errFunctions.php on line 171
[09-Oct-2024 11:51:14 America/Denver] PHP Warning:  Undefined variable $mail in /Users/kencowles/src/budget/database/errFunctions.php on line 178
[09-Oct-2024 11:51:14 America/Denver] PHP Fatal error:  Uncaught Error: Call to a member function isHTML() on null in /Users/kencowles/src/budget/database/errFunctions.php:178
Stack trace:
#0 /Users/kencowles/src/budget/database/errFunctions.php(83): errorEmail('#0 /Users/kenco...')
#1 /Users/kencowles/src/budget/database/errFunctions.php(171): budgetizerErrors(2, 'include(account...', '/Users/kencowle...', 171)
#2 /Users/kencowles/src/budget/database/errFunctions.php(171): include('/Users/kencowle...')
#3 /Users/kencowles/src/budget/database/errFunctions.php(105): errorEmail('An uncaught exc...')
#4 [internal function]: budgetizerExceptions(Object(Error))
#5 {main}
  thrown in /Users/kencowles/src/budget/database/errFunctions.php on line 178
[09-Oct-2024 17:53:36 UTC] #0 /Users/kencowles/src/budget/accounts/lockStatus.php(20): budgetizerErrors(2, 'Undefined variable $pdo', '/Users/kencowles/src/budget/accounts/lockStatus.php', 20)

[09-Oct-2024 17:53:36 UTC] PHP Warning:  include(accounts/gmail.php): Failed to open stream: No such file or directory in /Users/kencowles/src/budget/database/errFunctions.php on line 171
[09-Oct-2024 17:53:36 UTC] PHP Warning:  include(): Failed opening 'accounts/gmail.php' for inclusion (include_path='.:/Applications/MAMP/bin/php/php8.2.20/lib/php') in /Users/kencowles/src/budget/database/errFunctions.php on line 171
[09-Oct-2024 11:53:36 America/Denver] PHP Warning:  Undefined variable $mail in /Users/kencowles/src/budget/database/errFunctions.php on line 178
[09-Oct-2024 11:53:36 America/Denver] Xdebug: [Step Debug] Could not connect to debugging client. Tried: localhost:9003 (through xdebug.client_host/xdebug.client_port).
[09-Oct-2024 11:53:36 America/Denver] An uncaught exception occurred:
Code: 0 in file /Users/kencowles/src/budget/database/errFunctions.php at line 178
Call to a member function isHTML() on null
TRACE: #0 /Users/kencowles/src/budget/database/errFunctions.php(83): errorEmail('#0 /Users/kenco...')
#1 /Users/kencowles/src/budget/accounts/lockStatus.php(20): budgetizerErrors(2, 'Undefined varia...', '/Users/kencowle...', 20)
#2 {main}
[09-Oct-2024 11:53:36 America/Denver] #0 /Users/kencowles/src/budget/database/errFunctions.php(171): budgetizerErrors(2, 'include(accounts/gmail.php): Failed to open stream: No such file or directory', '/Users/kencowles/src/budget/database/errFunctions.php', 171)
#1 /Users/kencowles/src/budget/database/errFunctions.php(171): include()
#2 /Users/kencowles/src/budget/database/errFunctions.php(105): errorEmail('An uncaught exception occurred:
Code: 0 in file /Users/kencowles/src/budget/database/errFunctions.php at line 178
Call to a member function isHTML() on null
TRACE: #0 /Users/kencowles/src/budget/database/errFunctions.php(83): errorEmail('#0 /Users/kenco...')
#1 /Users/kencowles/src/budget/accounts/lockStatus.php(20): budgetizerErrors(2, 'Undefined varia...', '/Users/kencowle...', 20)
#2 {main}')
#3 [internal function](): budgetizerExceptions(Error)

[09-Oct-2024 11:53:36 America/Denver] PHP Warning:  include(accounts/gmail.php): Failed to open stream: No such file or directory in /Users/kencowles/src/budget/database/errFunctions.php on line 171
[09-Oct-2024 11:53:36 America/Denver] PHP Warning:  include(): Failed opening 'accounts/gmail.php' for inclusion (include_path='.:/Applications/MAMP/bin/php/php8.2.20/lib/php') in /Users/kencowles/src/budget/database/errFunctions.php on line 171
[09-Oct-2024 11:53:36 America/Denver] PHP Warning:  Undefined variable $mail in /Users/kencowles/src/budget/database/errFunctions.php on line 178
[09-Oct-2024 11:53:36 America/Denver] PHP Fatal error:  Uncaught Error: Call to a member function isHTML() on null in /Users/kencowles/src/budget/database/errFunctions.php:178
Stack trace:
#0 /Users/kencowles/src/budget/database/errFunctions.php(83): errorEmail('#0 /Users/kenco...')
#1 /Users/kencowles/src/budget/database/errFunctions.php(171): budgetizerErrors(2, 'include(account...', '/Users/kencowle...', 171)
#2 /Users/kencowles/src/budget/database/errFunctions.php(171): include('/Users/kencowle...')
#3 /Users/kencowles/src/budget/database/errFunctions.php(105): errorEmail('An uncaught exc...')
#4 [internal function]: budgetizerExceptions(Object(Error))
#5 {main}
  thrown in /Users/kencowles/src/budget/database/errFunctions.php on line 178
[09-Oct-2024 17:54:09 UTC] #0 /Users/kencowles/src/budget/accounts/lockStatus.php(20): budgetizerErrors(2, 'Undefined variable $pdo', '/Users/kencowles/src/budget/accounts/lockStatus.php', 20)

[09-Oct-2024 17:54:09 UTC] PHP Warning:  include(accounts/gmail.php): Failed to open stream: No such file or directory in /Users/kencowles/src/budget/database/errFunctions.php on line 171
[09-Oct-2024 17:54:09 UTC] PHP Warning:  include(): Failed opening 'accounts/gmail.php' for inclusion (include_path='.:/Applications/MAMP/bin/php/php8.2.20/lib/php') in /Users/kencowles/src/budget/database/errFunctions.php on line 171
[09-Oct-2024 11:54:09 America/Denver] PHP Warning:  Undefined variable $mail in /Users/kencowles/src/budget/database/errFunctions.php on line 178
[09-Oct-2024 11:54:09 America/Denver] Xdebug: [Step Debug] Could not connect to debugging client. Tried: localhost:9003 (through xdebug.client_host/xdebug.client_port).
[09-Oct-2024 11:54:09 America/Denver] An uncaught exception occurred:
Code: 0 in file /Users/kencowles/src/budget/database/errFunctions.php at line 178
Call to a member function isHTML() on null
TRACE: #0 /Users/kencowles/src/budget/database/errFunctions.php(83): errorEmail('#0 /Users/kenco...')
#1 /Users/kencowles/src/budget/accounts/lockStatus.php(20): budgetizerErrors(2, 'Undefined varia...', '/Users/kencowle...', 20)
#2 {main}
[09-Oct-2024 11:54:09 America/Denver] #0 /Users/kencowles/src/budget/database/errFunctions.php(171): budgetizerErrors(2, 'include(accounts/gmail.php): Failed to open stream: No such file or directory', '/Users/kencowles/src/budget/database/errFunctions.php', 171)
#1 /Users/kencowles/src/budget/database/errFunctions.php(171): include()
#2 /Users/kencowles/src/budget/database/errFunctions.php(105): errorEmail('An uncaught exception occurred:
Code: 0 in file /Users/kencowles/src/budget/database/errFunctions.php at line 178
Call to a member function isHTML() on null
TRACE: #0 /Users/kencowles/src/budget/database/errFunctions.php(83): errorEmail('#0 /Users/kenco...')
#1 /Users/kencowles/src/budget/accounts/lockStatus.php(20): budgetizerErrors(2, 'Undefined varia...', '/Users/kencowle...', 20)
#2 {main}')
#3 [internal function](): budgetizerExceptions(Error)

[09-Oct-2024 11:54:09 America/Denver] PHP Warning:  include(accounts/gmail.php): Failed to open stream: No such file or directory in /Users/kencowles/src/budget/database/errFunctions.php on line 171
[09-Oct-2024 11:54:09 America/Denver] PHP Warning:  include(): Failed opening 'accounts/gmail.php' for inclusion (include_path='.:/Applications/MAMP/bin/php/php8.2.20/lib/php') in /Users/kencowles/src/budget/database/errFunctions.php on line 171
[09-Oct-2024 11:54:09 America/Denver] PHP Warning:  Undefined variable $mail in /Users/kencowles/src/budget/database/errFunctions.php on line 178
[09-Oct-2024 11:54:09 America/Denver] PHP Fatal error:  Uncaught Error: Call to a member function isHTML() on null in /Users/kencowles/src/budget/database/errFunctions.php:178
Stack trace:
#0 /Users/kencowles/src/budget/database/errFunctions.php(83): errorEmail('#0 /Users/kenco...')
#1 /Users/kencowles/src/budget/database/errFunctions.php(171): budgetizerErrors(2, 'include(account...', '/Users/kencowle...', 171)
#2 /Users/kencowles/src/budget/database/errFunctions.php(171): include('/Users/kencowle...')
#3 /Users/kencowles/src/budget/database/errFunctions.php(105): errorEmail('An uncaught exc...')
#4 [internal function]: budgetizerExceptions(Object(Error))
#5 {main}
  thrown in /Users/kencowles/src/budget/database/errFunctions.php on line 178
